Log file opened on Tue Jun  7 17:14:01 2022
Host: DESKTOP-NLB41LR  pid: 13230  rank ID: 0  number of ranks:  1
                      :-) GROMACS - gmx mdrun, 2018.6 (-:

                            GROMACS is written by:
     Emile Apol      Rossen Apostolov      Paul Bauer     Herman J.C. Berendsen
    Par Bjelkmar    Aldert van Buuren   Rudi van Drunen     Anton Feenstra  
  Gerrit Groenhof    Aleksei Iupinov   Christoph Junghans   Anca Hamuraru   
 Vincent Hindriksen Dimitrios Karkoulis    Peter Kasson        Jiri Kraus    
  Carsten Kutzner      Per Larsson      Justin A. Lemkul    Viveca Lindahl  
  Magnus Lundborg   Pieter Meulenhoff    Erik Marklund      Teemu Murtola   
    Szilard Pall       Sander Pronk      Roland Schulz     Alexey Shvetsov  
   Michael Shirts     Alfons Sijbers     Peter Tieleman    Teemu Virolainen 
 Christian Wennberg    Maarten Wolf   
                           and the project leaders:
        Mark Abraham, Berk Hess, Erik Lindahl, and David van der Spoel

Copyright (c) 1991-2000, University of Groningen, The Netherlands.
Copyright (c) 2001-2017, The GROMACS development team at
Uppsala University, Stockholm University and
the Royal Institute of Technology, Sweden.
check out http://www.gromacs.org for more information.

GROMACS is free software; you can redistribute it and/or modify it
under the terms of the GNU Lesser General Public License
as published by the Free Software Foundation; either version 2.1
of the License, or (at your option) any later version.

GROMACS:      gmx mdrun, version 2018.6
Executable:   /home/willem/miniconda3/envs/pymemdyn/bin/gmx
Data prefix:  /home/willem/miniconda3/envs/pymemdyn
Working dir:  /home/willem/pymemdyn-teaching/notebook/rundir/eq
Command line:
  gmx mdrun -s topol.tpr -o traj.trr -e ener.edr -c confout.gro -g md_eq1000.log -x traj.xtc

GROMACS version:    2018.6
Precision:          single
Memory model:       64 bit
MPI library:        thread_mpi
OpenMP support:     enabled (GMX_OPENMP_MAX_THREADS = 64)
GPU support:        OpenCL
SIMD instructions:  SSE2
FFT library:        fftw-3.3.8-sse2-avx
RDTSCP usage:       disabled
TNG support:        enabled
Hwloc support:      hwloc-1.11.9
Tracing support:    disabled
Built on:           2019-05-12 20:18:02
Built by:           root@default-0e84dd72-7298-44a4-a670-e10728e370dd [CMAKE]
Build OS/arch:      Linux 4.4.0-96-generic x86_64
Build CPU vendor:   Unknown
Build CPU brand:    Unknown
Build CPU family:   0   Model: 0   Stepping: 0
Build CPU features: Unknown
C compiler:         /opt/conda/conda-bld/gromacs_1557692095347/_build_env/bin/x86_64-conda_cos6-linux-gnu-cc GNU 7.3.0
C compiler flags:    -msse2   -march=nocona -mtune=haswell -ftree-vectorize -fPIC -fstack-protector-strong -fno-plt -O2 -ffunction-sections -pipe -I/home/willem/miniconda3/envs/pymemdyn/include -fdebug-prefix-map=/opt/conda/conda-bld/gromacs_1557692095347/work=/usr/local/src/conda/gromacs-2018.6 -fdebug-prefix-map=/home/willem/miniconda3/envs/pymemdyn=/usr/local/src/conda-prefix  -O3 -DNDEBUG -funroll-all-loops -fexcess-precision=fast  
C++ compiler:       /opt/conda/conda-bld/gromacs_1557692095347/_build_env/bin/x86_64-conda_cos6-linux-gnu-c++ GNU 7.3.0
C++ compiler flags:  -msse2   -fvisibility-inlines-hidden -std=c++17 -fmessage-length=0 -march=nocona -mtune=haswell -ftree-vectorize -fPIC -fstack-protector-strong -fno-plt -O2 -ffunction-sections -pipe -I/home/willem/miniconda3/envs/pymemdyn/include -fdebug-prefix-map=/opt/conda/conda-bld/gromacs_1557692095347/work=/usr/local/src/conda/gromacs-2018.6 -fdebug-prefix-map=/home/willem/miniconda3/envs/pymemdyn=/usr/local/src/conda-prefix -std=c++11   -O3 -DNDEBUG -funroll-all-loops -fexcess-precision=fast  
OpenCL include dir: /home/willem/miniconda3/envs/pymemdyn/include
OpenCL library:     /home/willem/miniconda3/envs/pymemdyn/lib/libOpenCL.so
OpenCL version:     2.0

NOTE: Detection of GPUs failed. The API reported:
            GROMACS cannot run tasks on a GPU.

Running on 1 node with total 8 cores, 16 logical cores, 0 compatible GPUs
Hardware detected:
  CPU info:
    Vendor: Intel
    Brand:  11th Gen Intel(R) Core(TM) i7-11800H @ 2.30GHz
    Family: 6   Model: 141   Stepping: 1
    Features: aes apic avx avx2 avx512f avx512cd avx512bw avx512vl clfsh cmov cx8 cx16 f16c fma htt intel lahf mmx msr nonstop_tsc pcid pclmuldq pdpe1gb popcnt pse rdrnd rdtscp sha sse2 sse3 sse4.1 sse4.2 ssse3 tdt x2apic
    Number of AVX-512 FMA units: Cannot run AVX-512 detection - assuming 2
  Hardware topology: Full, with devices
    Sockets, cores, and logical processors:
      Socket  0: [   0   1] [   2   3] [   4   5] [   6   7] [   8   9] [  10  11] [  12  13] [  14  15]
    Numa nodes:
      Node  0 (16635437056 bytes mem):   0   1   2   3   4   5   6   7   8   9  10  11  12  13  14  15
      Latency:
               0
         0  1.00
    Caches:
      L1: 49152 bytes, linesize 64 bytes, assoc. 12, shared 2 ways
      L2: 1310720 bytes, linesize 64 bytes, assoc. 20, shared 2 ways
      L3: 25165824 bytes, linesize 64 bytes, assoc. 12, shared 16 ways
    PCI devices:
      51a0:00:00.0  Id: 1af4:1049  Class: 0x0100  Numa: 0
      64d5:00:00.0  Id: 1af4:1049  Class: 0x0100  Numa: 0
      81a0:00:00.0  Id: 1af4:1049  Class: 0x0100  Numa: 0
      99cb:00:00.0  Id: 1af4:1049  Class: 0x0100  Numa: 0
      ac58:00:00.0  Id: 1414:008e  Class: 0x0302  Numa: 0
      c4dd:00:00.0  Id: 1414:008e  Class: 0x0302  Numa: 0
      efc2:00:00.0  Id: 1af4:1049  Class: 0x0100  Numa: 0

Highest SIMD level requested by all nodes in run: AVX_512
SIMD instructions selected at compile time:       SSE2
This program was compiled for different hardware than you are running on,
which could influence performance.

The current CPU can measure timings more accurately than the code in
gmx mdrun was configured to use. This might affect your simulation
speed as accurate timings are needed for load-balancing.
Please consider rebuilding gmx mdrun with the GMX_USE_RDTSCP=ON CMake option.

++++ PLEASE READ AND CITE THE FOLLOWING REFERENCE ++++
M. J. Abraham, T. Murtola, R. Schulz, S. Páll, J. C. Smith, B. Hess, E.
Lindahl
GROMACS: High performance molecular simulations through multi-level
parallelism from laptops to supercomputers
SoftwareX 1 (2015) pp. 19-25
-------- -------- --- Thank You --- -------- --------


++++ PLEASE READ AND CITE THE FOLLOWING REFERENCE ++++
S. Páll, M. J. Abraham, C. Kutzner, B. Hess, E. Lindahl
Tackling Exascale Software Challenges in Molecular Dynamics Simulations with
GROMACS
In S. Markidis & E. Laure (Eds.), Solving Software Challenges for Exascale 8759 (2015) pp. 3-27
-------- -------- --- Thank You --- -------- --------


++++ PLEASE READ AND CITE THE FOLLOWING REFERENCE ++++
S. Pronk, S. Páll, R. Schulz, P. Larsson, P. Bjelkmar, R. Apostolov, M. R.
Shirts, J. C. Smith, P. M. Kasson, D. van der Spoel, B. Hess, and E. Lindahl
GROMACS 4.5: a high-throughput and highly parallel open source molecular
simulation toolkit
Bioinformatics 29 (2013) pp. 845-54
-------- -------- --- Thank You --- -------- --------


++++ PLEASE READ AND CITE THE FOLLOWING REFERENCE ++++
B. Hess and C. Kutzner and D. van der Spoel and E. Lindahl
GROMACS 4: Algorithms for highly efficient, load-balanced, and scalable
molecular simulation
J. Chem. Theory Comput. 4 (2008) pp. 435-447
-------- -------- --- Thank You --- -------- --------


++++ PLEASE READ AND CITE THE FOLLOWING REFERENCE ++++
D. van der Spoel, E. Lindahl, B. Hess, G. Groenhof, A. E. Mark and H. J. C.
Berendsen
GROMACS: Fast, Flexible and Free
J. Comp. Chem. 26 (2005) pp. 1701-1719
-------- -------- --- Thank You --- -------- --------


++++ PLEASE READ AND CITE THE FOLLOWING REFERENCE ++++
E. Lindahl and B. Hess and D. van der Spoel
GROMACS 3.0: A package for molecular simulation and trajectory analysis
J. Mol. Mod. 7 (2001) pp. 306-317
-------- -------- --- Thank You --- -------- --------


++++ PLEASE READ AND CITE THE FOLLOWING REFERENCE ++++
H. J. C. Berendsen, D. van der Spoel and R. van Drunen
GROMACS: A message-passing parallel molecular dynamics implementation
Comp. Phys. Comm. 91 (1995) pp. 43-56
-------- -------- --- Thank You --- -------- --------

Input Parameters:
   integrator                     = md
   tinit                          = 0
   dt                             = 0.002
   nsteps                         = 250000
   init-step                      = 0
   simulation-part                = 1
   comm-mode                      = Linear
   nstcomm                        = 100
   bd-fric                        = 0
   ld-seed                        = -1692917583
   emtol                          = 10
   emstep                         = 0.01
   niter                          = 20
   fcstep                         = 0
   nstcgsteep                     = 1000
   nbfgscorr                      = 10
   rtpi                           = 0.05
   nstxout                        = 25000
   nstvout                        = 250000
   nstfout                        = 0
   nstlog                         = 1000
   nstcalcenergy                  = 100
   nstenergy                      = 10000
   nstxout-compressed             = 25000
   compressed-x-precision         = 1000
   cutoff-scheme                  = Verlet
   nstlist                        = 5
   ns-type                        = Grid
   pbc                            = xyz
   periodic-molecules             = false
   verlet-buffer-tolerance        = 0.005
   rlist                          = 1.2
   coulombtype                    = PME
   coulomb-modifier               = Potential-shift
   rcoulomb-switch                = 0
   rcoulomb                       = 1.2
   epsilon-r                      = 1
   epsilon-rf                     = inf
   vdw-type                       = Cut-off
   vdw-modifier                   = Potential-shift
   rvdw-switch                    = 0
   rvdw                           = 1.2
   DispCorr                       = No
   table-extension                = 1
   fourierspacing                 = 0.15
   fourier-nx                     = 72
   fourier-ny                     = 72
   fourier-nz                     = 60
   pme-order                      = 4
   ewald-rtol                     = 1e-05
   ewald-rtol-lj                  = 0.001
   lj-pme-comb-rule               = Geometric
   ewald-geometry                 = 0
   epsilon-surface                = 0
   implicit-solvent               = No
   gb-algorithm                   = Still
   nstgbradii                     = 1
   rgbradii                       = 1
   gb-epsilon-solvent             = 80
   gb-saltconc                    = 0
   gb-obc-alpha                   = 1
   gb-obc-beta                    = 0.8
   gb-obc-gamma                   = 4.85
   gb-dielectric-offset           = 0.009
   sa-algorithm                   = Ace-approximation
   sa-surface-tension             = 2.05016
   tcoupl                         = Nose-Hoover
   nsttcouple                     = 5
   nh-chain-length                = 1
   print-nose-hoover-chain-variables = false
   pcoupl                         = Parrinello-Rahman
   pcoupltype                     = Semiisotropic
   nstpcouple                     = 5
   tau-p                          = 2
   compressibility (3x3):
      compressibility[    0]={ 4.50000e-05,  0.00000e+00,  0.00000e+00}
      compressibility[    1]={ 0.00000e+00,  4.50000e-05,  0.00000e+00}
      compressibility[    2]={ 0.00000e+00,  0.00000e+00,  4.50000e-05}
   ref-p (3x3):
      ref-p[    0]={ 1.00000e+00,  0.00000e+00,  0.00000e+00}
      ref-p[    1]={ 0.00000e+00,  1.00000e+00,  0.00000e+00}
      ref-p[    2]={ 0.00000e+00,  0.00000e+00,  1.00000e+00}
   refcoord-scaling               = COM
   posres-com (3):
      posres-com[0]= 5.09551e-01
      posres-com[1]= 5.20967e-01
      posres-com[2]= 5.15814e-01
   posres-comB (3):
      posres-comB[0]= 5.09551e-01
      posres-comB[1]= 5.20967e-01
      posres-comB[2]= 5.15814e-01
   QMMM                           = false
   QMconstraints                  = 0
   QMMMscheme                     = 0
   MMChargeScaleFactor            = 1
qm-opts:
   ngQM                           = 0
   constraint-algorithm           = Lincs
   continuation                   = false
   Shake-SOR                      = false
   shake-tol                      = 0.0001
   lincs-order                    = 4
   lincs-iter                     = 1
   lincs-warnangle                = 30
   nwall                          = 0
   wall-type                      = 9-3
   wall-r-linpot                  = -1
   wall-atomtype[0]               = -1
   wall-atomtype[1]               = -1
   wall-density[0]                = 0
   wall-density[1]                = 0
   wall-ewald-zfac                = 3
   pull                           = false
   awh                            = false
   rotation                       = false
   interactiveMD                  = false
   disre                          = No
   disre-weighting                = Conservative
   disre-mixed                    = false
   dr-fc                          = 1000
   dr-tau                         = 0
   nstdisreout                    = 100
   orire-fc                       = 0
   orire-tau                      = 0
   nstorireout                    = 100
   free-energy                    = no
   cos-acceleration               = 0
   deform (3x3):
      deform[    0]={ 0.00000e+00,  0.00000e+00,  0.00000e+00}
      deform[    1]={ 0.00000e+00,  0.00000e+00,  0.00000e+00}
      deform[    2]={ 0.00000e+00,  0.00000e+00,  0.00000e+00}
   simulated-tempering            = false
   swapcoords                     = no
   userint1                       = 0
   userint2                       = 0
   userint3                       = 0
   userint4                       = 0
   userreal1                      = 0
   userreal2                      = 0
   userreal3                      = 0
   userreal4                      = 0
   applied-forces:
     electric-field:
       x:
         E0                       = 0
         omega                    = 0
         t0                       = 0
         sigma                    = 0
       y:
         E0                       = 0
         omega                    = 0
         t0                       = 0
         sigma                    = 0
       z:
         E0                       = 0
         omega                    = 0
         t0                       = 0
         sigma                    = 0
grpopts:
   nrdf:     68133.8      9565.7     17114.5
   ref-t:         310         310         310
   tau-t:         0.5         0.5         0.5
annealing:          No          No          No
annealing-npoints:           0           0           0
   acc:	           0           0           0
   nfreeze:           N           N           N
   energygrp-flags[  0]: 0

Changing nstlist from 5 to 100, rlist from 1.2 to 1.299


Using 1 MPI thread
Using 16 OpenMP threads 

Pinning threads with an auto-selected logical core stride of 1
System total charge: -0.000
Will do PME sum in reciprocal space for electrostatic interactions.

++++ PLEASE READ AND CITE THE FOLLOWING REFERENCE ++++
U. Essmann, L. Perera, M. L. Berkowitz, T. Darden, H. Lee and L. G. Pedersen 
A smooth particle mesh Ewald method
J. Chem. Phys. 103 (1995) pp. 8577-8592
-------- -------- --- Thank You --- -------- --------

Using a Gaussian width (1/beta) of 0.384195 nm for Ewald
Potential shift: LJ r^-12: -1.122e-01 r^-6: -3.349e-01, Ewald -8.333e-06
Initialized non-bonded Ewald correction tables, spacing: 1.02e-03 size: 1176

Generated table with 1149 data points for 1-4 COUL.
Tabscale = 500 points/nm
Generated table with 1149 data points for 1-4 LJ6.
Tabscale = 500 points/nm
Generated table with 1149 data points for 1-4 LJ12.
Tabscale = 500 points/nm

Using SIMD 4x4 nonbonded short-range kernels

Using a dual 4x4 pair-list setup updated with dynamic pruning:
  outer list: updated every 100 steps, buffer 0.099 nm, rlist 1.299 nm
  inner list: updated every  21 steps, buffer 0.003 nm, rlist 1.203 nm
At tolerance 0.005 kJ/mol/ps per atom, equivalent classical 1x1 list would be:
  outer list: updated every 100 steps, buffer 0.258 nm, rlist 1.458 nm
  inner list: updated every  21 steps, buffer 0.080 nm, rlist 1.280 nm

Using geometric Lennard-Jones combination rule

Removing pbc first time

Initializing LINear Constraint Solver

++++ PLEASE READ AND CITE THE FOLLOWING REFERENCE ++++
B. Hess
P-LINCS: A Parallel Linear Constraint Solver for molecular simulation
J. Chem. Theory Comput. 4 (2008) pp. 116-122
-------- -------- --- Thank You --- -------- --------

The number of constraints is 13195
3 constraints are involved in constraint triangles,
will apply an additional matrix expansion of order 4 for couplings
between constraints inside triangles

++++ PLEASE READ AND CITE THE FOLLOWING REFERENCE ++++
S. Miyamoto and P. A. Kollman
SETTLE: An Analytical Version of the SHAKE and RATTLE Algorithms for Rigid
Water Models
J. Comp. Chem. 13 (1992) pp. 952-962
-------- -------- --- Thank You --- -------- --------


Intra-simulation communication will occur every 5 steps.
Center of mass motion removal mode is Linear
We have the following groups for center of mass motion removal:
  0:  rest
There are: 47353 Atoms

Constraining the starting coordinates (step 0)

Constraining the coordinates at t0-dt (step 0)
RMS relative constraint deviation after constraining: 2.77e-05
Initial temperature: 311.441 K

Started mdrun on rank 0 Tue Jun  7 17:14:03 2022
           Step           Time
              0        0.00000

   Energies (kJ/mol)
          Angle    Proper Dih. Ryckaert-Bell.  Improper Dih.  Improper Dih.
    1.37430e+04    4.43914e+03    8.12961e+03    3.92627e+02    5.35053e-01
          LJ-14     Coulomb-14        LJ (SR)   Coulomb (SR)   Coul. recip.
    1.15238e+04    4.16816e+04    4.74412e+04   -9.08645e+05    8.63460e+03
 Position Rest.      Potential    Kinetic En.   Total Energy  Conserved En.
    2.60544e+00   -7.72656e+05    1.22785e+05   -6.49871e+05   -6.49828e+05
    Temperature Pressure (bar)   Constr. rmsd
    3.11507e+02   -4.38077e+03    4.06915e-05

           Step           Time
           1000        2.00000

   Energies (kJ/mol)
          Angle    Proper Dih. Ryckaert-Bell.  Improper Dih.  Improper Dih.
    2.53776e+04    6.63537e+03    1.37569e+04    8.66801e+02    8.51380e+00
          LJ-14     Coulomb-14        LJ (SR)   Coulomb (SR)   Coul. recip.
    1.28559e+04    4.41363e+04    3.80563e+04   -8.27850e+05    5.16540e+03
 Position Rest.      Potential    Kinetic En.   Total Energy  Conserved En.
    1.61328e+03   -6.79378e+05    1.18153e+05   -5.61225e+05   -6.36236e+05
    Temperature Pressure (bar)   Constr. rmsd
    2.99756e+02   -4.55279e+02    1.65580e-05

           Step           Time
           2000        4.00000

   Energies (kJ/mol)
          Angle    Proper Dih. Ryckaert-Bell.  Improper Dih.  Improper Dih.
    2.91120e+04    6.46937e+03    1.47741e+04    8.04691e+02    9.64803e+00
          LJ-14     Coulomb-14        LJ (SR)   Coulomb (SR)   Coul. recip.
    1.32210e+04    4.39231e+04    3.45417e+04   -8.27435e+05    4.96919e+03
 Position Rest.      Potential    Kinetic En.   Total Energy  Conserved En.
    2.02975e+03   -6.77580e+05    1.24578e+05   -5.53002e+05   -6.32844e+05
    Temperature Pressure (bar)   Constr. rmsd
    3.16057e+02   -1.18248e+02    2.05554e-05

           Step           Time
           3000        6.00000

   Energies (kJ/mol)
          Angle    Proper Dih. Ryckaert-Bell.  Improper Dih.  Improper Dih.
    3.08492e+04    6.52937e+03    1.52217e+04    8.06119e+02    3.68930e+00
          LJ-14     Coulomb-14        LJ (SR)   Coulomb (SR)   Coul. recip.
    1.33960e+04    4.43219e+04    3.56951e+04   -8.31282e+05    4.87084e+03
 Position Rest.      Potential    Kinetic En.   Total Energy  Conserved En.
    2.15506e+03   -6.77433e+05    1.26808e+05   -5.50626e+05   -6.29234e+05
    Temperature Pressure (bar)   Constr. rmsd
    3.21713e+02    3.54497e+02    2.20033e-05

           Step           Time
           4000        8.00000

   Energies (kJ/mol)
          Angle    Proper Dih. Ryckaert-Bell.  Improper Dih.  Improper Dih.
    2.93751e+04    6.52126e+03    1.48949e+04    8.96325e+02    9.72097e+00
          LJ-14     Coulomb-14        LJ (SR)   Coulomb (SR)   Coul. recip.
    1.31997e+04    4.46755e+04    3.50492e+04   -8.34739e+05    4.82871e+03
 Position Rest.      Potential    Kinetic En.   Total Energy  Conserved En.
    1.74371e+03   -6.83545e+05    1.23529e+05   -5.60016e+05   -6.26329e+05
    Temperature Pressure (bar)   Constr. rmsd
    3.13395e+02    3.96248e+02    1.91511e-05

           Step           Time
           5000       10.00000

   Energies (kJ/mol)
          Angle    Proper Dih. Ryckaert-Bell.  Improper Dih.  Improper Dih.
    2.67276e+04    6.35505e+03    1.41551e+04    8.74184e+02    4.45437e+00
          LJ-14     Coulomb-14        LJ (SR)   Coulomb (SR)   Coul. recip.
    1.26216e+04    4.46424e+04    3.41433e+04   -8.33740e+05    4.76150e+03
 Position Rest.      Potential    Kinetic En.   Total Energy  Conserved En.
    1.36242e+03   -6.88092e+05    1.20419e+05   -5.67673e+05   -6.24038e+05
    Temperature Pressure (bar)   Constr. rmsd
    3.05504e+02    4.56873e+01    1.75739e-05

           Step           Time
           6000       12.00000

   Energies (kJ/mol)
          Angle    Proper Dih. Ryckaert-Bell.  Improper Dih.  Improper Dih.
    2.57304e+04    6.26381e+03    1.42544e+04    8.14191e+02    5.26416e+00
          LJ-14     Coulomb-14        LJ (SR)   Coulomb (SR)   Coul. recip.
    1.26971e+04    4.39357e+04    3.27652e+04   -8.34410e+05    4.72765e+03
 Position Rest.      Potential    Kinetic En.   Total Energy  Conserved En.
    1.18566e+03   -6.92030e+05    1.18855e+05   -5.73175e+05   -6.22087e+05
    Temperature Pressure (bar)   Constr. rmsd
    3.01537e+02   -2.56102e+02    1.62354e-05

           Step           Time
           7000       14.00000

   Energies (kJ/mol)
          Angle    Proper Dih. Ryckaert-Bell.  Improper Dih.  Improper Dih.
    2.62102e+04    6.29574e+03    1.42640e+04    7.92288e+02    6.69815e+00
          LJ-14     Coulomb-14        LJ (SR)   Coulomb (SR)   Coul. recip.
    1.27305e+04    4.39664e+04    3.30387e+04   -8.32910e+05    4.72629e+03
 Position Rest.      Potential    Kinetic En.   Total Energy  Conserved En.
    1.26575e+03   -6.89613e+05    1.18918e+05   -5.70695e+05   -6.20370e+05
    Temperature Pressure (bar)   Constr. rmsd
    3.01698e+02   -3.47817e+02    1.68840e-05

           Step           Time
           8000       16.00000

   Energies (kJ/mol)
          Angle    Proper Dih. Ryckaert-Bell.  Improper Dih.  Improper Dih.
    2.84616e+04    6.25814e+03    1.44327e+04    7.18014e+02    2.68035e+00
          LJ-14     Coulomb-14        LJ (SR)   Coulomb (SR)   Coul. recip.
    1.32246e+04    4.41438e+04    3.18961e+04   -8.32151e+05    4.68887e+03
 Position Rest.      Potential    Kinetic En.   Total Energy  Conserved En.
    1.60306e+03   -6.86722e+05    1.22562e+05   -5.64159e+05   -6.18906e+05
    Temperature Pressure (bar)   Constr. rmsd
    3.10942e+02   -2.32608e+02    1.83422e-05

           Step           Time
           9000       18.00000

   Energies (kJ/mol)
          Angle    Proper Dih. Ryckaert-Bell.  Improper Dih.  Improper Dih.
    3.02073e+04    6.64217e+03    1.49331e+04    7.58698e+02    8.62408e+00
          LJ-14     Coulomb-14        LJ (SR)   Coulomb (SR)   Coul. recip.
    1.32113e+04    4.38701e+04    3.15199e+04   -8.32156e+05    4.70534e+03
 Position Rest.      Potential    Kinetic En.   Total Energy  Conserved En.
    1.88772e+03   -6.84412e+05    1.24915e+05   -5.59497e+05   -6.16955e+05
    Temperature Pressure (bar)   Constr. rmsd
    3.16912e+02    9.88719e+01    2.06603e-05

           Step           Time
          10000       20.00000

   Energies (kJ/mol)
          Angle    Proper Dih. Ryckaert-Bell.  Improper Dih.  Improper Dih.
    2.99401e+04    6.45818e+03    1.49230e+04    7.64452e+02    7.99574e+00
          LJ-14     Coulomb-14        LJ (SR)   Coulomb (SR)   Coul. recip.
    1.31125e+04    4.49050e+04    3.32498e+04   -8.34625e+05    4.54563e+03
 Position Rest.      Potential    Kinetic En.   Total Energy  Conserved En.
    1.77780e+03   -6.84941e+05    1.25560e+05   -5.59380e+05   -6.14544e+05
    Temperature Pressure (bar)   Constr. rmsd
    3.18549e+02    1.91892e+02    2.08580e-05

           Step           Time
          11000       22.00000

   Energies (kJ/mol)
          Angle    Proper Dih. Ryckaert-Bell.  Improper Dih.  Improper Dih.
    2.84859e+04    6.43270e+03    1.45660e+04    7.76871e+02    1.36163e+01
          LJ-14     Coulomb-14        LJ (SR)   Coulomb (SR)   Coul. recip.
    1.30160e+04    4.45610e+04    3.30885e+04   -8.33702e+05    4.62209e+03
 Position Rest.      Potential    Kinetic En.   Total Energy  Conserved En.
    1.44071e+03   -6.86699e+05    1.24305e+05   -5.62394e+05   -6.12358e+05
    Temperature Pressure (bar)   Constr. rmsd
    3.15365e+02    1.90366e+02    1.87654e-05

           Step           Time
          12000       24.00000

   Energies (kJ/mol)
          Angle    Proper Dih. Ryckaert-Bell.  Improper Dih.  Improper Dih.
    2.73810e+04    6.30643e+03    1.43270e+04    7.71510e+02    6.91375e+00
          LJ-14     Coulomb-14        LJ (SR)   Coulomb (SR)   Coul. recip.
    1.27904e+04    4.43648e+04    3.29359e+04   -8.34800e+05    4.74348e+03
 Position Rest.      Potential    Kinetic En.   Total Energy  Conserved En.
    1.18023e+03   -6.89993e+05    1.19630e+05   -5.70363e+05   -6.10182e+05
    Temperature Pressure (bar)   Constr. rmsd
    3.03503e+02    5.01474e+01    1.64674e-05

           Step           Time
          13000       26.00000

   Energies (kJ/mol)
          Angle    Proper Dih. Ryckaert-Bell.  Improper Dih.  Improper Dih.
    2.57012e+04    6.42564e+03    1.42677e+04    7.60474e+02    4.85663e+00
          LJ-14     Coulomb-14        LJ (SR)   Coulomb (SR)   Coul. recip.
    1.27033e+04    4.44527e+04    3.37306e+04   -8.37966e+05    4.42614e+03
 Position Rest.      Potential    Kinetic En.   Total Energy  Conserved En.
    1.19658e+03   -6.94296e+05    1.17852e+05   -5.76445e+05   -6.07861e+05
    Temperature Pressure (bar)   Constr. rmsd
    2.98991e+02    8.05425e+01    1.52330e-05



Received the INT signal, stopping within 100 steps

           Step           Time
          13500       27.00000

Writing checkpoint, step 13500 at Tue Jun  7 17:18:44 2022


   Energies (kJ/mol)
          Angle    Proper Dih. Ryckaert-Bell.  Improper Dih.  Improper Dih.
    2.59495e+04    6.27139e+03    1.38909e+04    9.09254e+02    6.26247e+00
          LJ-14     Coulomb-14        LJ (SR)   Coulomb (SR)   Coul. recip.
    1.26309e+04    4.40998e+04    3.25326e+04   -8.37255e+05    4.56856e+03
 Position Rest.      Potential    Kinetic En.   Total Energy  Conserved En.
    1.19058e+03   -6.95205e+05    1.17160e+05   -5.78045e+05   -6.06687e+05
    Temperature Pressure (bar)   Constr. rmsd
    2.97237e+02   -3.73462e+02    0.00000e+00

	<======  ###############  ==>
	<====  A V E R A G E S  ====>
	<==  ###############  ======>

	Statistics over 13501 steps using 136 frames

   Energies (kJ/mol)
          Angle    Proper Dih. Ryckaert-Bell.  Improper Dih.  Improper Dih.
    2.79073e+04    6.40313e+03    1.44630e+04    8.01198e+02    7.34276e+00
          LJ-14     Coulomb-14        LJ (SR)   Coulomb (SR)   Coul. recip.
    1.29672e+04    4.41989e+04    3.40198e+04   -8.32286e+05    4.85915e+03
 Position Rest.      Potential    Kinetic En.   Total Energy  Conserved En.
    1.58312e+03   -6.85075e+05    1.22443e+05   -5.62633e+05   -6.21758e+05
    Temperature Pressure (bar)   Constr. rmsd
    3.10640e+02   -2.71686e+01    0.00000e+00

          Box-X          Box-Y          Box-Z
    9.16492e+00    7.93705e+00    8.69670e+00

   Total Virial (kJ/mol)
    4.16195e+04    5.36906e+02    6.85673e+02
    5.37341e+02    4.15596e+04    6.65707e+02
    6.82889e+02    6.64090e+02    4.10952e+04

   Pressure (bar)
   -2.60632e+01   -3.37182e+01   -2.85005e+01
   -3.37389e+01   -1.86607e+01   -2.46084e+01
   -2.83556e+01   -2.45265e+01   -3.67818e+01

       T-wation      T-protlig        T-membr
    3.10659e+02    3.10100e+02    3.10867e+02


	M E G A - F L O P S   A C C O U N T I N G

 NB=Group-cutoff nonbonded kernels    NxN=N-by-N cluster Verlet kernels
 RF=Reaction-Field  VdW=Van der Waals  QSTab=quadratic-spline table
 W3=SPC/TIP3p  W4=TIP4p (single or pairs)
 V&F=Potential and force  V=Potential only  F=Force only

 Computing:                               M-Number         M-Flops  % Flops
-----------------------------------------------------------------------------
 Pair Search distance check            2607.389598       23466.506     0.1
 NxN QSTab Elec. + LJ [F]            231444.206136     9489212.452    54.2
 NxN QSTab Elec. + LJ [V&F]            2355.301648      138962.797     0.8
 NxN LJ [F]                           18287.126352      603475.170     3.4
 NxN LJ [V&F]                           186.187696        8006.071     0.0
 NxN QSTab Elec. [F]                 156527.666856     5321940.673    30.4
 NxN QSTab Elec. [V&F]                 1592.819728       65305.609     0.4
 1,4 nonbonded interactions             307.917307       27712.558     0.2
 Calc Weights                          1917.938559       69045.788     0.4
 Spread Q Bspline                     40916.022592       81832.045     0.5
 Gather F Bspline                     40916.022592      245496.136     1.4
 3D-FFT                              153248.905930     1225991.247     7.0
 Solve PME                               69.989184        4479.308     0.0
 Shift-X                                  6.440008          38.640     0.0
 Angles                                 249.471478       41911.208     0.2
 Propers                                 67.491499       15455.553     0.1
 Impropers                                8.991666        1870.267     0.0
 RB-Dihedrals                           187.677401       46356.318     0.3
 Pos. Restr.                             31.416827        1570.841     0.0
 Virial                                 128.021998        2304.396     0.0
 Stop-CM                                  6.487361          64.874     0.0
 Calc-Ekin                              255.800906        6906.624     0.0
 Lincs                                  178.172085       10690.325     0.1
 Lincs-Mat                             2994.425280       11977.701     0.1
 Constraint-V                           816.020374        6528.163     0.0
 Constraint-Vir                         127.600642        3062.415     0.0
 Settle                                 153.245547       49498.312     0.3
-----------------------------------------------------------------------------
 Total                                                17503161.997   100.0
-----------------------------------------------------------------------------


     R E A L   C Y C L E   A N D   T I M E   A C C O U N T I N G

On 1 MPI rank, each using 16 OpenMP threads

 Computing:          Num   Num      Call    Wall time         Giga-Cycles
                     Ranks Threads  Count      (s)         total sum    %
-----------------------------------------------------------------------------
 Neighbor search        1   16        136       1.956         72.096   0.7
 Force                  1   16      13501     142.757       5262.594  50.8
 PME mesh               1   16      13501      72.819       2684.395  25.9
 NB X/F buffer ops.     1   16      26866      22.539        830.864   8.0
 Write traj.            1   16          2       0.042          1.556   0.0
 Update                 1   16      13501       8.069        297.472   2.9
 Constraints            1   16      13501      29.128       1073.780  10.4
 Rest                                           3.709        136.719   1.3
-----------------------------------------------------------------------------
 Total                                        281.019      10359.477 100.0
-----------------------------------------------------------------------------
 Breakdown of PME mesh computation
-----------------------------------------------------------------------------
 PME spread             1   16      13501      25.494        939.820   9.1
 PME gather             1   16      13501      24.820        914.951   8.8
 PME 3D-FFT             1   16      27002      18.327        675.620   6.5
 PME solve Elec         1   16      13501       1.181         43.540   0.4
-----------------------------------------------------------------------------

               Core t (s)   Wall t (s)        (%)
       Time:     4496.300      281.019     1600.0
                 (ns/day)    (hour/ns)
Performance:        8.302        2.891
Finished mdrun on rank 0 Tue Jun  7 17:18:44 2022
